  solver_smp.cpp
  TBB Warning: tbb.h contains deprecated functionality. For details, please see Deprecated Features appendix in the TBB reference manual.
C:\Users\User\Documents\PPR\tbb2019_20191006oss\include\tbb\parallel_for.h(177,1): warning C4267: argument: Převod z: size_t na: int, může dojít ke ztrátě dat.
C:\Users\User\Documents\PPR\tbb2019_20191006oss\include\tbb\parallel_for.h(163): message : Při kompilaci členské funkce třída šablona void tbb::internal::parallel_for_body<Function,Index>::operator ()(const tbb::blocked_range<Index> &) const
C:\Users\User\Documents\PPR\tbb2019_20191006oss\include\tbb\parallel_for.h(163): message :         with
C:\Users\User\Documents\PPR\tbb2019_20191006oss\include\tbb\parallel_for.h(163): message :         [
C:\Users\User\Documents\PPR\tbb2019_20191006oss\include\tbb\parallel_for.h(163): message :             Function=doSPO::<lambda_a96cd80510dd244966a3724666baee67>,
C:\Users\User\Documents\PPR\tbb2019_20191006oss\include\tbb\parallel_for.h(163): message :             Index=size_t
C:\Users\User\Documents\PPR\tbb2019_20191006oss\include\tbb\parallel_for.h(163): message :         ]
C:\Users\User\Documents\PPR\tbb2019_20191006oss\include\tbb\parallel_for.h(115): message : Zobrazit odkaz na kompilované vytváření instancí funkce šablona void tbb::internal::parallel_for_body<Function,Index>::operator ()(const tbb::blocked_range<Index> &) const
C:\Users\User\Documents\PPR\tbb2019_20191006oss\include\tbb\parallel_for.h(115): message :         with
C:\Users\User\Documents\PPR\tbb2019_20191006oss\include\tbb\parallel_for.h(115): message :         [
C:\Users\User\Documents\PPR\tbb2019_20191006oss\include\tbb\parallel_for.h(115): message :             Function=doSPO::<lambda_a96cd80510dd244966a3724666baee67>,
C:\Users\User\Documents\PPR\tbb2019_20191006oss\include\tbb\parallel_for.h(115): message :             Index=size_t
C:\Users\User\Documents\PPR\tbb2019_20191006oss\include\tbb\parallel_for.h(115): message :         ]
C:\Users\User\Documents\PPR\tbb2019_20191006oss\include\tbb\parallel_for.h(282): message : Zobrazit odkaz na kompilované vytváření instancí funkce třída šablona tbb::internal::parallel_for_body<Function,Index>
C:\Users\User\Documents\PPR\tbb2019_20191006oss\include\tbb\parallel_for.h(282): message :         with
C:\Users\User\Documents\PPR\tbb2019_20191006oss\include\tbb\parallel_for.h(282): message :         [
C:\Users\User\Documents\PPR\tbb2019_20191006oss\include\tbb\parallel_for.h(282): message :             Function=doSPO::<lambda_a96cd80510dd244966a3724666baee67>,
C:\Users\User\Documents\PPR\tbb2019_20191006oss\include\tbb\parallel_for.h(282): message :             Index=size_t
C:\Users\User\Documents\PPR\tbb2019_20191006oss\include\tbb\parallel_for.h(282): message :         ]
C:\Users\User\Documents\PPR\tbb2019_20191006oss\include\tbb\parallel_for.h(316): message : Zobrazit odkaz na kompilované vytváření instancí funkce šablona void tbb::strict_ppl::parallel_for_impl<Index,Function,const tbb::auto_partitioner>(Index,Index,Index,const Function &,Partitioner &)
C:\Users\User\Documents\PPR\tbb2019_20191006oss\include\tbb\parallel_for.h(316): message :         with
C:\Users\User\Documents\PPR\tbb2019_20191006oss\include\tbb\parallel_for.h(316): message :         [
C:\Users\User\Documents\PPR\tbb2019_20191006oss\include\tbb\parallel_for.h(316): message :             Index=size_t,
C:\Users\User\Documents\PPR\tbb2019_20191006oss\include\tbb\parallel_for.h(316): message :             Function=doSPO::<lambda_a96cd80510dd244966a3724666baee67>,
C:\Users\User\Documents\PPR\tbb2019_20191006oss\include\tbb\parallel_for.h(316): message :             Partitioner=const tbb::auto_partitioner
C:\Users\User\Documents\PPR\tbb2019_20191006oss\include\tbb\parallel_for.h(316): message :         ]
C:\Users\User\Documents\PPR\src\solver\student\solver_smp.cpp(115): message : Zobrazit odkaz na kompilované vytváření instancí funkce šablona void tbb::strict_ppl::parallel_for<size_t,doSPO::<lambda_a96cd80510dd244966a3724666baee67>>(Index,Index,const Function &)
C:\Users\User\Documents\PPR\src\solver\student\solver_smp.cpp(115): message :         with
C:\Users\User\Documents\PPR\src\solver\student\solver_smp.cpp(115): message :         [
C:\Users\User\Documents\PPR\src\solver\student\solver_smp.cpp(115): message :             Index=size_t,
C:\Users\User\Documents\PPR\src\solver\student\solver_smp.cpp(115): message :             Function=doSPO::<lambda_a96cd80510dd244966a3724666baee67>
C:\Users\User\Documents\PPR\src\solver\student\solver_smp.cpp(115): message :         ]
     Vytváří se knihovna ..\compiled\filters\pprsolver.lib a objekt ..\compiled\filters\pprsolver.exp.
  Vytváří se kód.
  116 of 353 functions (32.9%) were compiled, the rest were copied from previous compilation.
    109 functions were new in current compilation
    5 functions had inline decision re-evaluated but remain unchanged
  Vytváření kódu se dokončilo.
  pprsolver.vcxproj -> C:\Users\User\Documents\PPR\msvc\..\compiled\filters\pprsolver.dll
